<?xml version="1.0" encoding="UTF-8"?>
<!-- Generated by org.testng.reporters.JUnitXMLReporter -->
<testsuite ignored="0" hostname="LAPTOP-DMCQS6QO" failures="1" tests="3" name="ErrorValidation" time="50.33" errors="0" timestamp="2024-06-08T00:00:30 IST">
  <testcase classname="daily.Test.ErrorValidation" name="loginErrorvalidation" time="1.09">
    <skipped/>
  </testcase> <!-- loginErrorvalidation -->
  <testcase classname="daily.Test.ErrorValidation" name="loginErrorvalidation" time="0.549">
    <failure type="java.lang.AssertionError" message="expected [Incorrect email password.] but found [Incorrect email or password.]">
      <![CDATA[java.lang.AssertionError: expected [Incorrect email password.] but found [Incorrect email or password.]
at daily.Test.ErrorValidation.loginErrorvalidation(ErrorValidation.java:19)
at java.base/java.util.ArrayList.forEach(ArrayList.java:1511)
... Removed 33 stack frames]]>
    </failure>
  </testcase> <!-- loginErrorvalidation -->
  <testcase classname="daily.Test.ErrorValidation" name="productFinal" time="27.146"/>
</testsuite> <!-- ErrorValidation -->
