<?xml version="1.0" encoding="UTF-8"?>
<!-- Generated by org.testng.reporters.JUnitXMLReporter -->
<testsuite ignored="0" hostname="LAPTOP-DMCQS6QO" failures="0" tests="3" name="submit order" time="92.125" errors="0" timestamp="2024-06-07T23:59:39 IST">
  <testcase classname="daily.Test.OrderProducts" name="OrderItems" time="26.948"/>
  <testcase classname="daily.Test.OrderProducts" name="OrderItems" time="29.985"/>
  <testcase classname="daily.Test.OrderProducts" name="productValidations" time="3.342"/>
</testsuite> <!-- submit order -->
