<?xml version="1.0" encoding="UTF-8"?>
<!-- Generated by org.testng.reporters.JUnitXMLReporter -->
<testsuite ignored="2" hostname="LAPTOP-DMCQS6QO" failures="0" tests="0" time="0.016" errors="0" timestamp="2024-06-16T17:44:47 IST">
  <testcase classname="daily.Test.ErrorValidation" name="productFinal" time="0.0">
    <ignored/>
  </testcase> <!-- productFinal -->
  <testcase classname="daily.Test.ErrorValidation" name="loginErrorvalidation" time="0.0">
    <ignored/>
  </testcase> <!-- loginErrorvalidation -->
</testsuite>
