<?xml version="1.0" encoding="UTF-8"?>
<!-- Generated by org.testng.reporters.JUnitXMLReporter -->
<testsuite ignored="1" hostname="LAPTOP-DMCQS6QO" failures="0" tests="2" name="submit order" time="54.085" errors="0" timestamp="2024-06-16T17:45:41 IST">
  <testcase classname="daily.Test.OrderProducts" name="OrderItems" time="24.591"/>
  <testcase classname="daily.Test.OrderProducts" name="OrderItems" time="24.726"/>
  <testcase classname="daily.Test.OrderProducts" name="productValidations" time="0.0">
    <ignored/>
  </testcase> <!-- productValidations -->
</testsuite> <!-- submit order -->
