<?xml version="1.0" encoding="UTF-8"?>
<testng-results ignored="0" total="2" passed="2" failed="0" skipped="0">
  <reporter-output>
  </reporter-output>
  <suite started-at="2024-06-16T17:44:47 IST" name="Suite" finished-at="2024-06-16T17:45:41 IST" duration-ms="54085">
    <groups>
      <group name="Reg">
        <method signature="OrderProducts.OrderItems(java.util.HashMap)[pri:0, instance:daily.Test.OrderProducts@7ec7ffd3]" name="OrderItems" class="daily.Test.OrderProducts"/>
      </group> <!-- Reg -->
    </groups>
    <test started-at="2024-06-16T17:44:47 IST" name="ErrorValidation" finished-at="2024-06-16T17:44:47 IST" duration-ms="16">
    </test> <!-- ErrorValidation -->
    <test started-at="2024-06-16T17:44:47 IST" name="submit order" finished-at="2024-06-16T17:45:41 IST" duration-ms="54085">
      <class name="daily.Test.OrderProducts">
        <test-method is-config="true" signature="LunchApplication()[pri:0, instance:daily.Test.OrderProducts@7ec7ffd3]" started-at="2024-06-16T17:44:47 IST" name="LunchApplication" finished-at="2024-06-16T17:44:50 IST" duration-ms="2558" status="PASS">
          <reporter-output>
          </reporter-output>
        </test-method> <!-- LunchApplication -->
        <test-method signature="OrderItems(java.util.HashMap)[pri:0, instance:daily.Test.OrderProducts@7ec7ffd3]" started-at="2024-06-16T17:44:50 IST" name="OrderItems" data-provider="getJsonData" finished-at="2024-06-16T17:45:14 IST" duration-ms="24591" status="PASS">
          <params>
            <param index="0">
              <value>
                <![CDATA[{password=Manoj@0709, email=manojkumar99143@gmail.com}]]>
              </value>
            </param>
          </params>
          <reporter-output>
          </reporter-output>
        </test-method> <!-- OrderItems -->
        <test-method is-config="true" signature="closeBrowser()[pri:0, instance:daily.Test.OrderProducts@7ec7ffd3]" started-at="2024-06-16T17:45:14 IST" name="closeBrowser" finished-at="2024-06-16T17:45:14 IST" duration-ms="172" status="PASS">
          <reporter-output>
          </reporter-output>
        </test-method> <!-- closeBrowser -->
        <test-method is-config="true" signature="LunchApplication()[pri:0, instance:daily.Test.OrderProducts@7ec7ffd3]" started-at="2024-06-16T17:45:14 IST" name="LunchApplication" finished-at="2024-06-16T17:45:16 IST" duration-ms="1697" status="PASS">
          <reporter-output>
          </reporter-output>
        </test-method> <!-- LunchApplication -->
        <test-method signature="OrderItems(java.util.HashMap)[pri:0, instance:daily.Test.OrderProducts@7ec7ffd3]" started-at="2024-06-16T17:45:16 IST" name="OrderItems" data-provider="getJsonData" finished-at="2024-06-16T17:45:41 IST" duration-ms="24726" status="PASS">
          <params>
            <param index="0">
              <value>
                <![CDATA[{password=Manoj@0709, email=manojkumar99143@gmail.com}]]>
              </value>
            </param>
          </params>
          <reporter-output>
          </reporter-output>
        </test-method> <!-- OrderItems -->
        <test-method is-config="true" signature="closeBrowser()[pri:0, instance:daily.Test.OrderProducts@7ec7ffd3]" started-at="2024-06-16T17:45:41 IST" name="closeBrowser" finished-at="2024-06-16T17:45:41 IST" duration-ms="138" status="PASS">
          <reporter-output>
          </reporter-output>
        </test-method> <!-- closeBrowser -->
      </class> <!-- daily.Test.OrderProducts -->
    </test> <!-- submit order -->
  </suite> <!-- Suite -->
</testng-results>
